2024-08-10 18:54:27 - Starting BankRepositoryTest using Java 21 with PID 11468 (started by regus in /Applications/Projects/GitRepo/bankingmanagement-api)
2024-08-10 18:54:27 - Running with Spring Boot v3.3.1, Spring v6.1.10
2024-08-10 18:54:27 - No active profile set, falling back to 1 default profile: "default"
2024-08-10 18:54:28 - Bootstrapping Spring Data MongoDB repositories in DEFAULT mode.
2024-08-10 18:54:28 - Finished Spring Data repository scanning in 22 ms. Found 1 MongoDB repository interface.
2024-08-10 18:54:28 - Adding discovered server ac-tmg7coh-shard-00-02.en2dxtv.mongodb.net:27017 to client view of cluster
2024-08-10 18:54:28 - MongoClient with metadata {"driver": {"name": "mongo-java-driver|sync|spring-boot", "version": "5.0.1"}, "os": {"type": "Darwin", "name": "Mac OS X", "architecture": "aarch64", "version": "14.5"}, "platform": "Java/Oracle Corporation/21+35-2513"} created with settings MongoClientSettings{readPreference=primary, writeConcern=WriteConcern{w=null, wTimeout=null ms, journal=null}, retryWrites=true, retryReads=true, readConcern=ReadConcern{level=null}, credential=MongoCredential{mechanism=null, userName='regussm', source='admin', password=<hidden>, mechanismProperties=<hidden>}, transportSettings=null, commandListeners=[], codecRegistry=ProvidersCodecRegistry{codecProviders=[ValueCodecProvider{}, BsonValueCodecProvider{}, DBRefCodecProvider{}, DBObjectCodecProvider{}, DocumentCodecProvider{}, CollectionCodecProvider{}, IterableCodecProvider{}, MapCodecProvider{}, GeoJsonCodecProvider{}, GridFSFileCodecProvider{}, Jsr310CodecProvider{}, JsonObjectCodecProvider{}, BsonCodecProvider{}, EnumCodecProvider{}, com.mongodb.client.model.mql.ExpressionCodecProvider@7e62cfa3, com.mongodb.Jep395RecordCodecProvider@46e190ed, com.mongodb.KotlinCodecProvider@383c3eb3]}, loggerSettings=LoggerSettings{maxDocumentLength=1000}, clusterSettings={hosts=[127.0.0.1:27017], srvHost=emexo.en2dxtv.mongodb.net, srvServiceName=mongodb, mode=MULTIPLE, requiredClusterType=REPLICA_SET, requiredReplicaSetName='atlas-db6gb3-shard-0', serverSelector='null', clusterListeners='[]', serverSelectionTimeout='30000 ms', localThreshold='15 ms'}, socketSettings=SocketSettings{connectTimeoutMS=10000, readTimeoutMS=0, receiveBufferSize=0, proxySettings=ProxySettings{host=null, port=null, username=null, password=null}}, heartbeatSocketSettings=SocketSettings{connectTimeoutMS=10000, readTimeoutMS=10000, receiveBufferSize=0, proxySettings=ProxySettings{host=null, port=null, username=null, password=null}}, connectionPoolSettings=ConnectionPoolSettings{maxSize=100, minSize=0, maxWaitTimeMS=120000, maxConnectionLifeTimeMS=0, maxConnectionIdleTimeMS=0, maintenanceInitialDelayMS=0, maintenanceFrequencyMS=60000, connectionPoolListeners=[], maxConnecting=2}, serverSettings=ServerSettings{heartbeatFrequencyMS=10000, minHeartbeatFrequencyMS=500, serverListeners='[]', serverMonitorListeners='[]'}, sslSettings=SslSettings{enabled=true, invalidHostNameAllowed=false, context=null}, applicationName='null', compressorList=[], uuidRepresentation=JAVA_LEGACY, serverApi=null, autoEncryptionSettings=null, dnsClient=null, inetAddressResolver=null, contextProvider=null}
2024-08-10 18:54:28 - Adding discovered server ac-tmg7coh-shard-00-00.en2dxtv.mongodb.net:27017 to client view of cluster
2024-08-10 18:54:28 - Adding discovered server ac-tmg7coh-shard-00-01.en2dxtv.mongodb.net:27017 to client view of cluster
2024-08-10 18:54:28 - Started BankRepositoryTest in 0.653 seconds (process running for 1.16)
2024-08-10 18:54:28 - Monitor thread successfully connected to server with description ServerDescription{address=ac-tmg7coh-shard-00-02.en2dxtv.mongodb.net:27017, type=REPLICA_SET_PRIMARY, state=CONNECTED, ok=true, minWireVersion=0, maxWireVersion=21, maxDocumentSize=16777216, logicalSessionTimeoutMinutes=30, roundTripTimeNanos=202364333, setName='atlas-db6gb3-shard-0', canonicalAddress=ac-tmg7coh-shard-00-02.en2dxtv.mongodb.net:27017, hosts=[ac-tmg7coh-shard-00-00.en2dxtv.mongodb.net:27017, ac-tmg7coh-shard-00-02.en2dxtv.mongodb.net:27017, ac-tmg7coh-shard-00-01.en2dxtv.mongodb.net:27017], passives=[], arbiters=[], primary='ac-tmg7coh-shard-00-02.en2dxtv.mongodb.net:27017', tagSet=TagSet{[Tag{name='availabilityZone', value='aps1-az2'}, Tag{name='diskState', value='READY'}, Tag{name='nodeType', value='ELECTABLE'}, Tag{name='provider', value='AWS'}, Tag{name='region', value='AP_SOUTH_1'}, Tag{name='workloadType', value='OPERATIONAL'}]}, electionId=7fffffff0000000000000246, setVersion=108, topologyVersion=TopologyVersion{processId=66b6f8af3f415da78c2421e8, counter=9}, lastWriteDate=Sat Aug 10 18:54:28 IST 2024, lastUpdateTimeNanos=6608135615958}
2024-08-10 18:54:28 - Monitor thread successfully connected to server with description ServerDescription{address=ac-tmg7coh-shard-00-00.en2dxtv.mongodb.net:27017, type=REPLICA_SET_SECONDARY, state=CONNECTED, ok=true, minWireVersion=0, maxWireVersion=21, maxDocumentSize=16777216, logicalSessionTimeoutMinutes=30, roundTripTimeNanos=203529625, setName='atlas-db6gb3-shard-0', canonicalAddress=ac-tmg7coh-shard-00-00.en2dxtv.mongodb.net:27017, hosts=[ac-tmg7coh-shard-00-00.en2dxtv.mongodb.net:27017, ac-tmg7coh-shard-00-02.en2dxtv.mongodb.net:27017, ac-tmg7coh-shard-00-01.en2dxtv.mongodb.net:27017], passives=[], arbiters=[], primary='ac-tmg7coh-shard-00-02.en2dxtv.mongodb.net:27017', tagSet=TagSet{[Tag{name='availabilityZone', value='aps1-az1'}, Tag{name='diskState', value='READY'}, Tag{name='nodeType', value='ELECTABLE'}, Tag{name='provider', value='AWS'}, Tag{name='region', value='AP_SOUTH_1'}, Tag{name='workloadType', value='OPERATIONAL'}]}, electionId=null, setVersion=108, topologyVersion=TopologyVersion{processId=66b6f9a7df0d2a3f3ef5fb20, counter=5}, lastWriteDate=Sat Aug 10 18:54:28 IST 2024, lastUpdateTimeNanos=6608135616041}
2024-08-10 18:54:28 - Monitor thread successfully connected to server with description ServerDescription{address=ac-tmg7coh-shard-00-01.en2dxtv.mongodb.net:27017, type=REPLICA_SET_SECONDARY, state=CONNECTED, ok=true, minWireVersion=0, maxWireVersion=21, maxDocumentSize=16777216, logicalSessionTimeoutMinutes=30, roundTripTimeNanos=200225292, setName='atlas-db6gb3-shard-0', canonicalAddress=ac-tmg7coh-shard-00-01.en2dxtv.mongodb.net:27017, hosts=[ac-tmg7coh-shard-00-00.en2dxtv.mongodb.net:27017, ac-tmg7coh-shard-00-02.en2dxtv.mongodb.net:27017, ac-tmg7coh-shard-00-01.en2dxtv.mongodb.net:27017], passives=[], arbiters=[], primary='ac-tmg7coh-shard-00-02.en2dxtv.mongodb.net:27017', tagSet=TagSet{[Tag{name='availabilityZone', value='aps1-az3'}, Tag{name='diskState', value='READY'}, Tag{name='nodeType', value='ELECTABLE'}, Tag{name='provider', value='AWS'}, Tag{name='region', value='AP_SOUTH_1'}, Tag{name='workloadType', value='OPERATIONAL'}]}, electionId=null, setVersion=108, topologyVersion=TopologyVersion{processId=66b6fae014d5bac4c84eac89, counter=5}, lastWriteDate=Sat Aug 10 18:54:28 IST 2024, lastUpdateTimeNanos=6608138041833}
2024-08-10 18:54:28 - Discovered replica set primary ac-tmg7coh-shard-00-02.en2dxtv.mongodb.net:27017 with max election id 7fffffff0000000000000246 and max set version 108
2024-08-10 18:54:29 - Inside the BankServiceImpl.findById, id:23
2024-08-10 18:54:29 - End of BankServiceImpl.findAll
2024-08-10 18:54:29 - Inside the BankServiceImpl.findById, id:2
2024-08-10 18:54:29 - Bank details not found
2024-08-10 18:54:29 - Inside the BankServiceImpl.findAll
2024-08-10 18:54:29 - Bank details not found
2024-08-10 18:54:29 - Inside the BankServiceImpl.findAll
2024-08-10 18:54:29 - End of BankServiceImpl.findAll
2024-08-10 18:55:08 - Starting BankingManagement using Java 21 with PID 11557 (/Applications/Projects/GitRepo/bankingmanagement-api/build/classes/java/main started by regus in /Applications/Projects/GitRepo/bankingmanagement-api)
2024-08-10 18:55:08 - Running with Spring Boot v3.3.1, Spring v6.1.10
2024-08-10 18:55:08 - No active profile set, falling back to 1 default profile: "default"
2024-08-10 18:55:08 - Devtools property defaults active! Set 'spring.devtools.add-properties' to 'false' to disable
2024-08-10 18:55:08 - For additional web related logging consider setting the 'logging.level.web' property to 'DEBUG'
2024-08-10 18:55:08 - Bootstrapping Spring Data MongoDB repositories in DEFAULT mode.
2024-08-10 18:55:08 - Finished Spring Data repository scanning in 21 ms. Found 1 MongoDB repository interface.
2024-08-10 18:55:08 - Tomcat initialized with port 8080 (http)
2024-08-10 18:55:08 - Starting service [Tomcat]
2024-08-10 18:55:08 - Starting Servlet engine: [Apache Tomcat/10.1.25]
2024-08-10 18:55:08 - Initializing Spring embedded WebApplicationContext
2024-08-10 18:55:08 - Root WebApplicationContext: initialization completed in 799 ms
2024-08-10 18:55:09 - Adding discovered server ac-tmg7coh-shard-00-02.en2dxtv.mongodb.net:27017 to client view of cluster
2024-08-10 18:55:09 - MongoClient with metadata {"driver": {"name": "mongo-java-driver|sync|spring-boot", "version": "5.0.1"}, "os": {"type": "Darwin", "name": "Mac OS X", "architecture": "aarch64", "version": "14.5"}, "platform": "Java/Oracle Corporation/21+35-2513"} created with settings MongoClientSettings{readPreference=primary, writeConcern=WriteConcern{w=null, wTimeout=null ms, journal=null}, retryWrites=true, retryReads=true, readConcern=ReadConcern{level=null}, credential=MongoCredential{mechanism=null, userName='regussm', source='admin', password=<hidden>, mechanismProperties=<hidden>}, transportSettings=null, commandListeners=[io.micrometer.core.instrument.binder.mongodb.MongoMetricsCommandListener@31b866f8], codecRegistry=ProvidersCodecRegistry{codecProviders=[ValueCodecProvider{}, BsonValueCodecProvider{}, DBRefCodecProvider{}, DBObjectCodecProvider{}, DocumentCodecProvider{}, CollectionCodecProvider{}, IterableCodecProvider{}, MapCodecProvider{}, GeoJsonCodecProvider{}, GridFSFileCodecProvider{}, Jsr310CodecProvider{}, JsonObjectCodecProvider{}, BsonCodecProvider{}, EnumCodecProvider{}, com.mongodb.client.model.mql.ExpressionCodecProvider@6a06aa9f, com.mongodb.Jep395RecordCodecProvider@96e9414, com.mongodb.KotlinCodecProvider@60d25dc0]}, loggerSettings=LoggerSettings{maxDocumentLength=1000}, clusterSettings={hosts=[127.0.0.1:27017], srvHost=emexo.en2dxtv.mongodb.net, srvServiceName=mongodb, mode=MULTIPLE, requiredClusterType=REPLICA_SET, requiredReplicaSetName='atlas-db6gb3-shard-0', serverSelector='null', clusterListeners='[]', serverSelectionTimeout='30000 ms', localThreshold='15 ms'}, socketSettings=SocketSettings{connectTimeoutMS=10000, readTimeoutMS=0, receiveBufferSize=0, proxySettings=ProxySettings{host=null, port=null, username=null, password=null}}, heartbeatSocketSettings=SocketSettings{connectTimeoutMS=10000, readTimeoutMS=10000, receiveBufferSize=0, proxySettings=ProxySettings{host=null, port=null, username=null, password=null}}, connectionPoolSettings=ConnectionPoolSettings{maxSize=100, minSize=0, maxWaitTimeMS=120000, maxConnectionLifeTimeMS=0, maxConnectionIdleTimeMS=0, maintenanceInitialDelayMS=0, maintenanceFrequencyMS=60000, connectionPoolListeners=[io.micrometer.core.instrument.binder.mongodb.MongoMetricsConnectionPoolListener@12af7884], maxConnecting=2}, serverSettings=ServerSettings{heartbeatFrequencyMS=10000, minHeartbeatFrequencyMS=500, serverListeners='[]', serverMonitorListeners='[]'}, sslSettings=SslSettings{enabled=true, invalidHostNameAllowed=false, context=null}, applicationName='null', compressorList=[], uuidRepresentation=JAVA_LEGACY, serverApi=null, autoEncryptionSettings=null, dnsClient=null, inetAddressResolver=null, contextProvider=null}
2024-08-10 18:55:09 - Adding discovered server ac-tmg7coh-shard-00-00.en2dxtv.mongodb.net:27017 to client view of cluster
2024-08-10 18:55:09 - Adding discovered server ac-tmg7coh-shard-00-01.en2dxtv.mongodb.net:27017 to client view of cluster
2024-08-10 18:55:09 - LiveReload server is running on port 35729
2024-08-10 18:55:09 - Monitor thread successfully connected to server with description ServerDescription{address=ac-tmg7coh-shard-00-00.en2dxtv.mongodb.net:27017, type=REPLICA_SET_SECONDARY, state=CONNECTED, ok=true, minWireVersion=0, maxWireVersion=21, maxDocumentSize=16777216, logicalSessionTimeoutMinutes=30, roundTripTimeNanos=190140625, setName='atlas-db6gb3-shard-0', canonicalAddress=ac-tmg7coh-shard-00-00.en2dxtv.mongodb.net:27017, hosts=[ac-tmg7coh-shard-00-00.en2dxtv.mongodb.net:27017, ac-tmg7coh-shard-00-02.en2dxtv.mongodb.net:27017, ac-tmg7coh-shard-00-01.en2dxtv.mongodb.net:27017], passives=[], arbiters=[], primary='ac-tmg7coh-shard-00-02.en2dxtv.mongodb.net:27017', tagSet=TagSet{[Tag{name='availabilityZone', value='aps1-az1'}, Tag{name='diskState', value='READY'}, Tag{name='nodeType', value='ELECTABLE'}, Tag{name='provider', value='AWS'}, Tag{name='region', value='AP_SOUTH_1'}, Tag{name='workloadType', value='OPERATIONAL'}]}, electionId=null, setVersion=108, topologyVersion=TopologyVersion{processId=66b6f9a7df0d2a3f3ef5fb20, counter=5}, lastWriteDate=Sat Aug 10 18:55:09 IST 2024, lastUpdateTimeNanos=6648837987416}
2024-08-10 18:55:09 - Monitor thread successfully connected to server with description ServerDescription{address=ac-tmg7coh-shard-00-02.en2dxtv.mongodb.net:27017, type=REPLICA_SET_PRIMARY, state=CONNECTED, ok=true, minWireVersion=0, maxWireVersion=21, maxDocumentSize=16777216, logicalSessionTimeoutMinutes=30, roundTripTimeNanos=189021458, setName='atlas-db6gb3-shard-0', canonicalAddress=ac-tmg7coh-shard-00-02.en2dxtv.mongodb.net:27017, hosts=[ac-tmg7coh-shard-00-00.en2dxtv.mongodb.net:27017, ac-tmg7coh-shard-00-02.en2dxtv.mongodb.net:27017, ac-tmg7coh-shard-00-01.en2dxtv.mongodb.net:27017], passives=[], arbiters=[], primary='ac-tmg7coh-shard-00-02.en2dxtv.mongodb.net:27017', tagSet=TagSet{[Tag{name='availabilityZone', value='aps1-az2'}, Tag{name='diskState', value='READY'}, Tag{name='nodeType', value='ELECTABLE'}, Tag{name='provider', value='AWS'}, Tag{name='region', value='AP_SOUTH_1'}, Tag{name='workloadType', value='OPERATIONAL'}]}, electionId=7fffffff0000000000000246, setVersion=108, topologyVersion=TopologyVersion{processId=66b6f8af3f415da78c2421e8, counter=9}, lastWriteDate=Sat Aug 10 18:55:09 IST 2024, lastUpdateTimeNanos=6648838067500}
2024-08-10 18:55:09 - Discovered replica set primary ac-tmg7coh-shard-00-02.en2dxtv.mongodb.net:27017 with max election id 7fffffff0000000000000246 and max set version 108
2024-08-10 18:55:09 - Monitor thread successfully connected to server with description ServerDescription{address=ac-tmg7coh-shard-00-01.en2dxtv.mongodb.net:27017, type=REPLICA_SET_SECONDARY, state=CONNECTED, ok=true, minWireVersion=0, maxWireVersion=21, maxDocumentSize=16777216, logicalSessionTimeoutMinutes=30, roundTripTimeNanos=196769125, setName='atlas-db6gb3-shard-0', canonicalAddress=ac-tmg7coh-shard-00-01.en2dxtv.mongodb.net:27017, hosts=[ac-tmg7coh-shard-00-00.en2dxtv.mongodb.net:27017, ac-tmg7coh-shard-00-02.en2dxtv.mongodb.net:27017, ac-tmg7coh-shard-00-01.en2dxtv.mongodb.net:27017], passives=[], arbiters=[], primary='ac-tmg7coh-shard-00-02.en2dxtv.mongodb.net:27017', tagSet=TagSet{[Tag{name='availabilityZone', value='aps1-az3'}, Tag{name='diskState', value='READY'}, Tag{name='nodeType', value='ELECTABLE'}, Tag{name='provider', value='AWS'}, Tag{name='region', value='AP_SOUTH_1'}, Tag{name='workloadType', value='OPERATIONAL'}]}, electionId=null, setVersion=108, topologyVersion=TopologyVersion{processId=66b6fae014d5bac4c84eac89, counter=5}, lastWriteDate=Sat Aug 10 18:55:09 IST 2024, lastUpdateTimeNanos=6648850490250}
2024-08-10 18:55:09 - Exposing 10 endpoints beneath base path '/actuator'
2024-08-10 18:55:09 - Tomcat started on port 8080 (http) with context path '/'
2024-08-10 18:55:09 - Started BankingManagement in 1.853 seconds (process running for 2.071)
2024-08-10 18:55:09 - Banking Management Application has been started
2024-08-10 18:55:40 - Initializing Spring DispatcherServlet 'dispatcherServlet'
2024-08-10 18:55:40 - Initializing Servlet 'dispatcherServlet'
2024-08-10 18:55:40 - Completed initialization in 3 ms
2024-08-10 18:55:40 - Inside the BankController.findAll
2024-08-10 18:55:40 - Inside the BankServiceImpl.findAll
2024-08-10 18:55:40 - End of BankServiceImpl.findAll
2024-08-10 18:55:40 - End of BankController.findAll
2024-08-10 18:55:40 - Failure in @ExceptionHandler com.bankingmanagement.exception.ExceptionHandlerAdvice#handleException(HttpServletRequest, BankDetailsNotFoundException)
java.lang.IllegalStateException: Could not resolve parameter [1] in public com.bankingmanagement.exception.ExceptionResponse com.bankingmanagement.exception.ExceptionHandlerAdvice.handleException(jakarta.servlet.http.HttpServletRequest,com.bankingmanagement.exception.BankDetailsNotFoundException): No suitable resolver
	at org.springframework.web.method.support.InvocableHandlerMethod.getMethodArgumentValues(InvocableHandlerMethod.java:221)
	at org.springframework.web.method.support.InvocableHandlerMethod.invokeForRequest(InvocableHandlerMethod.java:178)
	at org.springframework.web.servlet.mvc.method.annotation.ServletInvocableHandlerMethod.invokeAndHandle(ServletInvocableHandlerMethod.java:118)
	at org.springframework.web.servlet.mvc.method.annotation.ExceptionHandlerExceptionResolver.doResolveHandlerMethodException(ExceptionHandlerExceptionResolver.java:432)
	at org.springframework.web.servlet.handler.AbstractHandlerMethodExceptionResolver.doResolveException(AbstractHandlerMethodExceptionResolver.java:74)
	at org.springframework.web.servlet.handler.AbstractHandlerExceptionResolver.resolveException(AbstractHandlerExceptionResolver.java:175)
	at org.springframework.web.servlet.handler.HandlerExceptionResolverComposite.resolveException(HandlerExceptionResolverComposite.java:80)
	at org.springframework.web.servlet.DispatcherServlet.processHandlerException(DispatcherServlet.java:1357)
	at org.springframework.web.servlet.DispatcherServlet.processDispatchResult(DispatcherServlet.java:1160)
	at org.springframework.web.servlet.DispatcherServlet.doDispatch(DispatcherServlet.java:1106)
	at org.springframework.web.servlet.DispatcherServlet.doService(DispatcherServlet.java:979)
	at org.springframework.web.servlet.FrameworkServlet.processRequest(FrameworkServlet.java:1014)
	at org.springframework.web.servlet.FrameworkServlet.doGet(FrameworkServlet.java:903)
	at jakarta.servlet.http.HttpServlet.service(HttpServlet.java:564)
	at org.springframework.web.servlet.FrameworkServlet.service(FrameworkServlet.java:885)
	at jakarta.servlet.http.HttpServlet.service(HttpServlet.java:658)
	at org.apache.catalina.core.ApplicationFilterChain.internalDoFilter(ApplicationFilterChain.java:195)
	at org.apache.catalina.core.ApplicationFilterChain.doFilter(ApplicationFilterChain.java:140)
	at org.apache.tomcat.websocket.server.WsFilter.doFilter(WsFilter.java:51)
	at org.apache.catalina.core.ApplicationFilterChain.internalDoFilter(ApplicationFilterChain.java:164)
	at org.apache.catalina.core.ApplicationFilterChain.doFilter(ApplicationFilterChain.java:140)
	at org.springframework.web.filter.RequestContextFilter.doFilterInternal(RequestContextFilter.java:100)
	at org.springframework.web.filter.OncePerRequestFilter.doFilter(OncePerRequestFilter.java:116)
	at org.apache.catalina.core.ApplicationFilterChain.internalDoFilter(ApplicationFilterChain.java:164)
	at org.apache.catalina.core.ApplicationFilterChain.doFilter(ApplicationFilterChain.java:140)
	at org.springframework.web.filter.FormContentFilter.doFilterInternal(FormContentFilter.java:93)
	at org.springframework.web.filter.OncePerRequestFilter.doFilter(OncePerRequestFilter.java:116)
	at org.apache.catalina.core.ApplicationFilterChain.internalDoFilter(ApplicationFilterChain.java:164)
	at org.apache.catalina.core.ApplicationFilterChain.doFilter(ApplicationFilterChain.java:140)
	at org.springframework.web.filter.ServerHttpObservationFilter.doFilterInternal(ServerHttpObservationFilter.java:107)
	at org.springframework.web.filter.OncePerRequestFilter.doFilter(OncePerRequestFilter.java:116)
	at org.apache.catalina.core.ApplicationFilterChain.internalDoFilter(ApplicationFilterChain.java:164)
	at org.apache.catalina.core.ApplicationFilterChain.doFilter(ApplicationFilterChain.java:140)
	at org.springframework.web.filter.CharacterEncodingFilter.doFilterInternal(CharacterEncodingFilter.java:201)
	at org.springframework.web.filter.OncePerRequestFilter.doFilter(OncePerRequestFilter.java:116)
	at org.apache.catalina.core.ApplicationFilterChain.internalDoFilter(ApplicationFilterChain.java:164)
	at org.apache.catalina.core.ApplicationFilterChain.doFilter(ApplicationFilterChain.java:140)
	at org.apache.catalina.core.StandardWrapperValve.invoke(StandardWrapperValve.java:167)
	at org.apache.catalina.core.StandardContextValve.invoke(StandardContextValve.java:90)
	at org.apache.catalina.authenticator.AuthenticatorBase.invoke(AuthenticatorBase.java:482)
	at org.apache.catalina.core.StandardHostValve.invoke(StandardHostValve.java:115)
	at org.apache.catalina.valves.ErrorReportValve.invoke(ErrorReportValve.java:93)
	at org.apache.catalina.core.StandardEngineValve.invoke(StandardEngineValve.java:74)
	at org.apache.catalina.connector.CoyoteAdapter.service(CoyoteAdapter.java:344)
	at org.apache.coyote.http11.Http11Processor.service(Http11Processor.java:389)
	at org.apache.coyote.AbstractProcessorLight.process(AbstractProcessorLight.java:63)
	at org.apache.coyote.AbstractProtocol$ConnectionHandler.process(AbstractProtocol.java:904)
	at org.apache.tomcat.util.net.NioEndpoint$SocketProcessor.doRun(NioEndpoint.java:1741)
	at org.apache.tomcat.util.net.SocketProcessorBase.run(SocketProcessorBase.java:52)
	at org.apache.tomcat.util.threads.ThreadPoolExecutor.runWorker(ThreadPoolExecutor.java:1190)
	at org.apache.tomcat.util.threads.ThreadPoolExecutor$Worker.run(ThreadPoolExecutor.java:659)
	at org.apache.tomcat.util.threads.TaskThread$WrappingRunnable.run(TaskThread.java:63)
	at java.base/java.lang.Thread.run(Thread.java:1583)
